<?xml version="1.0" encoding="UTF-8"?>
<!-- Generated by org.testng.reporters.JUnitReportReporter -->
<testsuite hostname="DESKTOP-AN1HL9O" failures="0" tests="2" name="pack1.TC1" time="0.010" errors="0" timestamp="27 Jun 2020 14:28:31 GMT">
  <testcase classname="pack1.TC1" name="m1" time="0.008"/>
  <testcase classname="pack1.TC1" name="m2" time="0.002"/>
</testsuite> <!-- pack1.TC1 -->
