<?xml version="1.0" encoding="UTF-8"?>
<!-- Generated by org.testng.reporters.JUnitReportReporter -->
<testsuite hostname="DESKTOP-AN1HL9O" failures="0" tests="3" name="TestNGAnnotations.TestNGAnnotationsDemo2" time="0.015" errors="0" timestamp="27 Jun 2020 14:13:01 GMT">
  <testcase classname="TestNGAnnotations.TestNGAnnotationsDemo2" name="recharge" time="0.005"/>
  <testcase classname="TestNGAnnotations.TestNGAnnotationsDemo2" name="advsearch" time="0.002"/>
  <testcase classname="TestNGAnnotations.TestNGAnnotationsDemo2" name="search" time="0.008"/>
</testsuite> <!-- TestNGAnnotations.TestNGAnnotationsDemo2 -->
