<?xml version="1.0" encoding="UTF-8"?>
<!-- Generated by org.testng.reporters.JUnitReportReporter -->
<testsuite hostname="DESKTOP-AN1HL9O" failures="0" tests="3" name="parameterization.passingParamUsingXML" time="0.029" errors="0" timestamp="28 Jun 2020 04:23:15 GMT">
  <testcase classname="parameterization.passingParamUsingXML" name="test3" time="0.014"/>
  <testcase classname="parameterization.passingParamUsingXML" name="test2" time="0.000"/>
  <testcase classname="parameterization.passingParamUsingXML" name="test1" time="0.015"/>
</testsuite> <!-- parameterization.passingParamUsingXML -->
