<?xml version="1.0" encoding="UTF-8"?>
<!-- Generated by org.testng.reporters.JUnitReportReporter -->
<testsuite hostname="DESKTOP-AN1HL9O" failures="0" tests="3" name="pack1.TC2" time="0.004" errors="0" timestamp="27 Jun 2020 14:28:31 GMT">
  <testcase classname="pack1.TC2" name="m4" time="0.001"/>
  <testcase classname="pack1.TC2" name="m5" time="0.002"/>
  <testcase classname="pack1.TC2" name="m3" time="0.001"/>
</testsuite> <!-- pack1.TC2 -->
