<?xml version="1.0" encoding="UTF-8"?>
<!-- Generated by org.testng.reporters.JUnitReportReporter -->
<testsuite hostname="DESKTOP-AN1HL9O" failures="0" tests="1" name="POM.PageObjectTestCases" time="6.886" errors="0" timestamp="11 Jul 2020 08:13:18 GMT">
  <testcase classname="POM.PageObjectTestCases" name="TC1_loginPage" time="6.886"/>
</testsuite> <!-- POM.PageObjectTestCases -->
