<?xml version="1.0" encoding="UTF-8"?>
<!-- Generated by org.testng.reporters.JUnitReportReporter -->
<testsuite hostname="DESKTOP-AN1HL9O" failures="0" tests="6" name="parameterization.CrossBrowserTesting" time="42.762" errors="0" timestamp="28 Jun 2020 05:41:24 GMT">
  <testcase classname="parameterization.CrossBrowserTesting" name="closeBrowser" time="1.669"/>
  <testcase classname="parameterization.CrossBrowserTesting" name="verifyTitle" time="0.020"/>
  <testcase classname="parameterization.CrossBrowserTesting" name="launchBrowser" time="23.123"/>
  <testcase classname="parameterization.CrossBrowserTesting" name="launchBrowser" time="17.781"/>
  <testcase classname="parameterization.CrossBrowserTesting" name="verifyTitle" time="0.020"/>
  <testcase classname="parameterization.CrossBrowserTesting" name="closeBrowser" time="0.149"/>
</testsuite> <!-- parameterization.CrossBrowserTesting -->
