<?xml version="1.0" encoding="UTF-8"?>
<!-- Generated by org.testng.reporters.JUnitReportReporter -->
<testsuite hostname="DESKTOP-AN1HL9O" failures="0" tests="3" name="day22.DisablingTestsMethods" time="0.021" errors="0" timestamp="27 Jun 2020 14:51:44 GMT">
  <testcase classname="day22.DisablingTestsMethods" name="logout" time="0.002"/>
  <testcase classname="day22.DisablingTestsMethods" name="openURL" time="0.019"/>
  <testcase classname="day22.DisablingTestsMethods" name="login" time="0.000"/>
</testsuite> <!-- day22.DisablingTestsMethods -->
