<?xml version="1.0" encoding="UTF-8"?>
<!-- Generated by org.testng.reporters.JUnitReportReporter -->
<testsuite hostname="DESKTOP-AN1HL9O" failures="0" tests="5" name="day22.DependencyMethods" time="0.023" errors="0" timestamp="27 Jun 2020 14:45:21 GMT">
  <testcase classname="day22.DependencyMethods" name="login" time="0.001"/>
  <testcase classname="day22.DependencyMethods" name="openURL" time="0.019"/>
  <testcase classname="day22.DependencyMethods" name="search" time="0.001"/>
  <testcase classname="day22.DependencyMethods" name="advancedsearch" time="0.002"/>
  <testcase classname="day22.DependencyMethods" name="logout" time="0.000"/>
</testsuite> <!-- day22.DependencyMethods -->
