<?xml version="1.0" encoding="UTF-8"?>
<!-- Generated by org.testng.reporters.JUnitReportReporter -->
<testsuite hostname="DESKTOP-AN1HL9O" failures="0" tests="3" name="TestNGAnnotations.TestExecutionOnPriorityDemo" time="0.017" errors="0" timestamp="27 Jun 2020 14:17:42 GMT">
  <testcase classname="TestNGAnnotations.TestExecutionOnPriorityDemo" name="login" time="0.001"/>
  <testcase classname="TestNGAnnotations.TestExecutionOnPriorityDemo" name="logout" time="0.001"/>
  <testcase classname="TestNGAnnotations.TestExecutionOnPriorityDemo" name="openURL" time="0.015"/>
</testsuite> <!-- TestNGAnnotations.TestExecutionOnPriorityDemo -->
