<?xml version="1.0" encoding="UTF-8"?>
<!-- Generated by org.testng.reporters.JUnitReportReporter -->
<testsuite hostname="DESKTOP-AN1HL9O" failures="0" tests="3" name="TestNGAnnotations.TestNGAnnotationsDemo" time="0.024" errors="0" timestamp="27 Jun 2020 13:52:34 GMT">
  <testcase classname="TestNGAnnotations.TestNGAnnotationsDemo" name="advsearch" time="0.002"/>
  <testcase classname="TestNGAnnotations.TestNGAnnotationsDemo" name="recharge" time="0.013"/>
  <testcase classname="TestNGAnnotations.TestNGAnnotationsDemo" name="search" time="0.009"/>
</testsuite> <!-- TestNGAnnotations.TestNGAnnotationsDemo -->
