<?xml version="1.0" encoding="UTF-8"?>
<!-- Generated by org.testng.reporters.JUnitReportReporter -->
<testsuite hostname="DESKTOP-AN1HL9O" failures="0" tests="3" name="log4j_pkg.Log4jDemo" time="0.188" errors="0" timestamp="11 Jul 2020 07:48:39 GMT">
  <testcase classname="log4j_pkg.Log4jDemo" name="login" time="0.018"/>
  <testcase classname="log4j_pkg.Log4jDemo" name="logout" time="0.001"/>
  <testcase classname="log4j_pkg.Log4jDemo" name="setup" time="0.169"/>
</testsuite> <!-- log4j_pkg.Log4jDemo -->
